{
  "RSpec": {
    "coverage": {
    },
    "timestamp": 1411936412
  },
  "Cucumber Features": {
    "coverage": {
      "/Users/ncheneweth/Documents/dev/elevage/features/step_definitions/elevage_steps.rb": [
        null,
        1,
        1,
        1,
        1,
        null,
        null,
        1,
        1,
        null,
        null,
        1,
        1,
        5,
        null,
        null,
        null,
        1,
        5,
        5,
        null,
        null,
        null,
        1,
        1,
        null,
        null
      ]
    },
    "timestamp": 1411936410
  }
}
